Determining if the pthread_create exist failed with the following output:
Change Dir: /home/gemma/bullet-buid/CMakeFiles/CMakeTmp

Run Build Command:"/usr/bin/make" "cmTC_0844a/fast"
/usr/bin/make -f CMakeFiles/cmTC_0844a.dir/build.make CMakeFiles/cmTC_0844a.dir/build
make[1]: Entering directory '/home/gemma/bullet-buid/CMakeFiles/CMakeTmp'
Building C object CMakeFiles/cmTC_0844a.dir/CheckSymbolExists.c.o
/usr/bin/cc    -o CMakeFiles/cmTC_0844a.dir/CheckSymbolExists.c.o   -c /home/gemma/bullet-buid/CMakeFiles/CMakeTmp/CheckSymbolExists.c
Linking C executable cmTC_0844a
/usr/bin/cmake -E cmake_link_script CMakeFiles/cmTC_0844a.dir/link.txt --verbose=1
/usr/bin/cc      -rdynamic CMakeFiles/cmTC_0844a.dir/CheckSymbolExists.c.o  -o cmTC_0844a 
CMakeFiles/cmTC_0844a.dir/CheckSymbolExists.c.o: In function `main':
CheckSymbolExists.c:(.text+0x1b): undefined reference to `pthread_create'
collect2: error: ld returned 1 exit status
make[1]: *** [CMakeFiles/cmTC_0844a.dir/build.make:98: cmTC_0844a] Error 1
make[1]: Leaving directory '/home/gemma/bullet-buid/CMakeFiles/CMakeTmp'
make: *** [Makefile:126: cmTC_0844a/fast] Error 2

File /home/gemma/bullet-buid/CMakeFiles/CMakeTmp/CheckSymbolExists.c:
/* */
#include <pthread.h>

int main(int argc, char** argv)
{
  (void)argv;
#ifndef pthread_create
  return ((int*)(&pthread_create))[argc];
#else
  (void)argc;
  return 0;
#endif
}

Determining if the function pthread_create exists in the pthreads failed with the following output:
Change Dir: /home/gemma/bullet-buid/CMakeFiles/CMakeTmp

Run Build Command:"/usr/bin/make" "cmTC_44495/fast"
/usr/bin/make -f CMakeFiles/cmTC_44495.dir/build.make CMakeFiles/cmTC_44495.dir/build
make[1]: Entering directory '/home/gemma/bullet-buid/CMakeFiles/CMakeTmp'
Building C object CMakeFiles/cmTC_44495.dir/CheckFunctionExists.c.o
/usr/bin/cc   -DCHECK_FUNCTION_EXISTS=pthread_create   -o CMakeFiles/cmTC_44495.dir/CheckFunctionExists.c.o   -c /usr/share/cmake-3.9/Modules/CheckFunctionExists.c
Linking C executable cmTC_44495
/usr/bin/cmake -E cmake_link_script CMakeFiles/cmTC_44495.dir/link.txt --verbose=1
/usr/bin/cc  -DCHECK_FUNCTION_EXISTS=pthread_create    -rdynamic CMakeFiles/cmTC_44495.dir/CheckFunctionExists.c.o  -o cmTC_44495 -lpthreads 
/usr/bin/ld: cannot find -lpthreads
collect2: error: ld returned 1 exit status
make[1]: *** [CMakeFiles/cmTC_44495.dir/build.make:98: cmTC_44495] Error 1
make[1]: Leaving directory '/home/gemma/bullet-buid/CMakeFiles/CMakeTmp'
make: *** [Makefile:126: cmTC_44495/fast] Error 2


